Change Component Designator: OldDesignator=C29 NewDesignator=C?
Change Component Designator: OldDesignator=C30 NewDesignator=C?
Change Component Designator: OldDesignator=C31 NewDesignator=C??
Change Component Designator: OldDesignator=C32 NewDesignator=C?
Change Component Designator: OldDesignator=C33 NewDesignator=C?
Change Component Designator: OldDesignator=C34 NewDesignator=C?
Change Component Designator: OldDesignator=C35 NewDesignator=C?
Change Component Designator: OldDesignator=C36 NewDesignator=C?
Change Component Designator: OldDesignator=C37 NewDesignator=C?
Change Component Designator: OldDesignator=DL3 NewDesignator=DL?
Change Component Designator: OldDesignator=DL4 NewDesignator=DL?
Change Component Designator: OldDesignator=H3 NewDesignator=H?
Change Component Designator: OldDesignator=H4 NewDesignator=H?
Change Component Designator: OldDesignator=P3 NewDesignator=P?
Change Component Designator: OldDesignator=P4 NewDesignator=P?
Change Component Designator: OldDesignator=Q2 NewDesignator=Q?
Change Component Designator: OldDesignator=R15 NewDesignator=R??
Change Component Designator: OldDesignator=R16 NewDesignator=R??
Change Component Designator: OldDesignator=R17 NewDesignator=R??
Change Component Designator: OldDesignator=R18 NewDesignator=R??
Change Component Designator: OldDesignator=R19 NewDesignator=R?
Change Component Designator: OldDesignator=R20 NewDesignator=R?
Change Component Designator: OldDesignator=R21 NewDesignator=R?
Change Component Designator: OldDesignator=R22 NewDesignator=R?
Change Component Designator: OldDesignator=R23 NewDesignator=R?
Change Component Designator: OldDesignator=R24 NewDesignator=R?
Change Component Designator: OldDesignator=R25 NewDesignator=R?
Change Component Designator: OldDesignator=R26 NewDesignator=R?
Change Component Designator: OldDesignator=R27 NewDesignator=R?
Change Component Designator: OldDesignator=R28 NewDesignator=R?
Change Component Designator: OldDesignator=S4 NewDesignator=S?
Change Component Designator: OldDesignator=S5 NewDesignator=S?
Change Component Designator: OldDesignator=T1 NewDesignator=T?
