Removed Pin From Net: NetName=VDD 3.3V Pin=DL1-2
Removed Pin From Net: NetName=STAT0 Pin=R21-2
Removed Pin From Net: NetName=STAT1 Pin=R29-2
Removed Member From Class: ClassName=HatBoard Member=DL1
Change Component Comment : Designator=R15 Old Comment=1K New Comment=1K5
Change Component Comment : Designator=R16 Old Comment=1K New Comment=2K
Change Component Comment : Designator=R29 Old Comment=1K New Comment=2K
Change Component Comment : Designator=R21 Old Comment=1K New Comment=3K
Change Component Designator: OldDesignator=S5 NewDesignator=SLEEPY_SHEEPY
Change component parameters: Designator = "R15" ("R15"); Footprint = "RESC3216L"; UniqueID = "\IQRPGCFF" ("\IQRPGCFF")
Change component parameters (AddParameter): Name = "Storage Location"; Value = "PCB Assembly WS"; VariantName = "[No Variations]"
Change component parameters (AddParameter): Name = "Supplier"; Value = "ECE Dept"; VariantName = "[No Variations]"
Change component parameters (AddParameter): Name = "Value"; Value = "1K5"; VariantName = "[No Variations]"
Change component parameters: Designator = "R16" ("R16"); Footprint = "RESC3216L"; UniqueID = "\ZBYQHKIP" ("\ZBYQHKIP")
Change component parameters (AddParameter): Name = "Storage Location"; Value = "PCB Assembly WS"; VariantName = "[No Variations]"
Change component parameters (AddParameter): Name = "Supplier"; Value = "ECE Dept"; VariantName = "[No Variations]"
Change component parameters (AddParameter): Name = "Value"; Value = "2K"; VariantName = "[No Variations]"
Change component parameters: Designator = "R21" ("R21"); Footprint = "RESC3216L"; UniqueID = "\DIRZLKDB" ("\DIRZLKDB")
Change component parameters (AddParameter): Name = "Storage Location"; Value = "PCB Assembly WS"; VariantName = "[No Variations]"
Change component parameters (AddParameter): Name = "Supplier"; Value = "ECE Dept"; VariantName = "[No Variations]"
Change component parameters (AddParameter): Name = "Value"; Value = "3K"; VariantName = "[No Variations]"
Change component parameters: Designator = "R29" ("R29"); Footprint = "RESC3216L"; UniqueID = "\MPMLABAE" ("\MPMLABAE")
Change component parameters (AddParameter): Name = "Storage Location"; Value = "PCB Assembly WS"; VariantName = "[No Variations]"
Change component parameters (AddParameter): Name = "Supplier"; Value = "ECE Dept"; VariantName = "[No Variations]"
Change component parameters (AddParameter): Name = "Value"; Value = "2K"; VariantName = "[No Variations]"
Added Component: Designator=DL?(WL-SMCW0603)
Add component (AddParameter): Name = "Forward Current If"; Value = "30"; VariantName = "[No Variations]"
Add component (AddParameter): Name = "Forward Voltage"; Value = "2"; VariantName = "[No Variations]"
Add component (AddParameter): Name = "LED Colour"; Value = "Red"; VariantName = "[No Variations]"
Add component (AddParameter): Name = "LED Mounting"; Value = "SMD"; VariantName = "[No Variations]"
Add component (AddParameter): Name = "Lens Shape"; Value = "Rectangular"; VariantName = "[No Variations]"
Add component (AddParameter): Name = "Luminous Intensity"; Value = "250"; VariantName = "[No Variations]"
Add component (AddParameter): Name = "Manufacturer"; Value = "WURTH ELEKTRONIK"; VariantName = "[No Variations]"
Add component (AddParameter): Name = "Manufacturer Part Number"; Value = "150060RS75000"; VariantName = "[No Variations]"
Add component (AddParameter): Name = "Storage Location"; Value = "PCB Assembly WS"; VariantName = "[No Variations]"
Add component (AddParameter): Name = "Supplier"; Value = "ECE Dept"; VariantName = "[No Variations]"
Add component (AddParameter): Name = "Supplier 1"; Value = "Farnell"; VariantName = "[No Variations]"
Add component (AddParameter): Name = "Supplier Part Number 1"; Value = "2322071"; VariantName = "[No Variations]"
Add component (AddParameter): Name = "Viewing Angle"; Value = "140°"; VariantName = "[No Variations]"
Add component (AddParameter): Name = "Wavelength Typ"; Value = "625"; VariantName = "[No Variations]"
Added Pin To Net: NetName=VDD 3.3V Pin=DL?-2
Added Pin To Net: NetName=NetDL?_1 Pin=DL?-1
Added Pin To Net: NetName=NetDL?_1 Pin=R21-1
Added Net: Name=NetDL?_1
Added Pin To Net: NetName=STAT2 Pin=R21-2
Added Pin To Net: NetName=STAT2 Pin=U13-38
Added Net: Name=STAT2
Added Pin To Net: NetName=STAT3 Pin=R29-2
Added Pin To Net: NetName=STAT3 Pin=U13-37
Added Net: Name=STAT3
Added Member To Class: ClassName=HatBoard Member=Component DL? Red
