Added Component: Designator=DL1(WL-SMCW0603)
Add component (AddParameter): Name = "Forward Current If"; Value = "30"; VariantName = "[No Variations]"
Add component (AddParameter): Name = "Forward Voltage"; Value = "3.2"; VariantName = "[No Variations]"
Add component (AddParameter): Name = "LED Colour"; Value = "Blue"; VariantName = "[No Variations]"
Add component (AddParameter): Name = "Luminous Intensity"; Value = "270"; VariantName = "[No Variations]"
Add component (AddParameter): Name = "Manufacturer"; Value = "WURTH ELEKTRONIK"; VariantName = "[No Variations]"
Add component (AddParameter): Name = "Manufacturer Part Number"; Value = "150060BS75000"; VariantName = "[No Variations]"
Add component (AddParameter): Name = "Pricing"; Value = "1=0.3844, 50=0.3252, 100=0.2957, 500=0.2365 (NZD)"; VariantName = "[No Variations]"
Add component (AddParameter): Name = "Storage Location"; Value = "PCB Assembly WS"; VariantName = "[No Variations]"
Add component (AddParameter): Name = "Supplier"; Value = "ECE Dept"; VariantName = "[No Variations]"
Add component (AddParameter): Name = "Supplier 1"; Value = "Farnell"; VariantName = "[No Variations]"
Add component (AddParameter): Name = "Supplier Part Number 1"; Value = "2322069"; VariantName = "[No Variations]"
Add component (AddParameter): Name = "Viewing Angle"; Value = "120°"; VariantName = "[No Variations]"
Add component (AddParameter): Name = "Wavelength Typ"; Value = "470"; VariantName = "[No Variations]"
Added Component: Designator=DL2(WL-SMCW0603)
Add component (AddParameter): Name = "Forward Current If"; Value = "30"; VariantName = "[No Variations]"
Add component (AddParameter): Name = "Forward Voltage"; Value = "3.2"; VariantName = "[No Variations]"
Add component (AddParameter): Name = "LED Colour"; Value = "Green"; VariantName = "[No Variations]"
Add component (AddParameter): Name = "LED Mounting"; Value = "SMD"; VariantName = "[No Variations]"
Add component (AddParameter): Name = "Lens Shape"; Value = "Rectangular"; VariantName = "[No Variations]"
Add component (AddParameter): Name = "Luminous Intensity"; Value = "430"; VariantName = "[No Variations]"
Add component (AddParameter): Name = "Manufacturer"; Value = "WURTH ELEKTRONIK"; VariantName = "[No Variations]"
Add component (AddParameter): Name = "Manufacturer Part Number"; Value = "150060GS75000"; VariantName = "[No Variations]"
Add component (AddParameter): Name = "Storage Location"; Value = "PCB Assembly WS"; VariantName = "[No Variations]"
Add component (AddParameter): Name = "Supplier"; Value = "ECE Dept"; VariantName = "[No Variations]"
Add component (AddParameter): Name = "Supplier 1"; Value = "Farnell"; VariantName = "[No Variations]"
Add component (AddParameter): Name = "Supplier Part Number 1"; Value = "2322070"; VariantName = "[No Variations]"
Add component (AddParameter): Name = "Viewing Angle"; Value = "140°"; VariantName = "[No Variations]"
Add component (AddParameter): Name = "Wavelength Typ"; Value = "520"; VariantName = "[No Variations]"
Added Component: Designator=R21(RESC3216L)
Add component (AddParameter): Name = "Storage Location"; Value = "PCB Assembly WS"; VariantName = "[No Variations]"
Add component (AddParameter): Name = "Supplier"; Value = "ECE Dept"; VariantName = "[No Variations]"
Add component (AddParameter): Name = "Value"; Value = "1K"; VariantName = "[No Variations]"
Added Component: Designator=R29(RESC3216L)
Add component (AddParameter): Name = "Storage Location"; Value = "PCB Assembly WS"; VariantName = "[No Variations]"
Add component (AddParameter): Name = "Supplier"; Value = "ECE Dept"; VariantName = "[No Variations]"
Add component (AddParameter): Name = "Value"; Value = "1K"; VariantName = "[No Variations]"
Added Component: Designator=S1(EVQPNF05M)
Add component (AddParameter): Name = "Manufacturer"; Value = "Panasonic"; VariantName = "[No Variations]"
Add component (AddParameter): Name = "Manufacturer PN"; Value = "EVQPNF05M"; VariantName = "[No Variations]"
Add component (AddParameter): Name = "PackageDescription"; Value = "6.0 x 3.5 mm"; VariantName = "[No Variations]"
Add component (AddParameter): Name = "Storage Location"; Value = "PCB Assembly WS"; VariantName = "[No Variations]"
Add component (AddParameter): Name = "Supplier"; Value = "ECE Dept"; VariantName = "[No Variations]"
Add component (AddParameter): Name = "Supplier 1"; Value = "Farnell"; VariantName = "[No Variations]"
Add component (AddParameter): Name = "Supplier 2"; Value = "Digi-Key"; VariantName = "[No Variations]"
Add component (AddParameter): Name = "Supplier Part Number 1"; Value = "2079481"; VariantName = "[No Variations]"
Add component (AddParameter): Name = "Supplier Part Number 2"; Value = "P13598SCT-ND"; VariantName = "[No Variations]"
Added Component: Designator=S2(EVQPNF05M)
Add component (AddParameter): Name = "Manufacturer"; Value = "Panasonic"; VariantName = "[No Variations]"
Add component (AddParameter): Name = "Manufacturer PN"; Value = "EVQPNF05M"; VariantName = "[No Variations]"
Add component (AddParameter): Name = "PackageDescription"; Value = "6.0 x 3.5 mm"; VariantName = "[No Variations]"
Add component (AddParameter): Name = "Storage Location"; Value = "PCB Assembly WS"; VariantName = "[No Variations]"
Add component (AddParameter): Name = "Supplier"; Value = "ECE Dept"; VariantName = "[No Variations]"
Add component (AddParameter): Name = "Supplier 1"; Value = "Farnell"; VariantName = "[No Variations]"
Add component (AddParameter): Name = "Supplier 2"; Value = "Digi-Key"; VariantName = "[No Variations]"
Add component (AddParameter): Name = "Supplier Part Number 1"; Value = "2079481"; VariantName = "[No Variations]"
Add component (AddParameter): Name = "Supplier Part Number 2"; Value = "P13598SCT-ND"; VariantName = "[No Variations]"
Added Pin To Net: NetName=VDD 3.3V Pin=DL1-2
Added Pin To Net: NetName=VDD 3.3V Pin=DL2-2
Added Pin To Net: NetName=STAT0 Pin=R21-2
Added Pin To Net: NetName=STAT1 Pin=R29-2
Added Pin To Net: NetName=GND Pin=S1-1
Added Pin To Net: NetName=nRST Pin=S1-2
Added Pin To Net: NetName=GND Pin=S2-1
Added Pin To Net: NetName=SLEEP Pin=S2-2
Added Pin To Net: NetName=NetDL1_1 Pin=DL1-1
Added Pin To Net: NetName=NetDL1_1 Pin=R21-1
Added Net: Name=NetDL1_1
Added Pin To Net: NetName=NetDL2_1 Pin=DL2-1
Added Pin To Net: NetName=NetDL2_1 Pin=R29-1
Added Net: Name=NetDL2_1
Added Member To Class: ClassName=HatBoard Member=Component DL1 Blue
Added Member To Class: ClassName=HatBoard Member=Component DL2 Green
Added Member To Class: ClassName=HatBoard Member=Component L1 1A max, Idc 0.3R,
Added Member To Class: ClassName=HatBoard Member=Component R21 1K
Added Member To Class: ClassName=HatBoard Member=Component R29 1K
Added Member To Class: ClassName=HatBoard Member=Component S1 EVQPNF05M
Added Member To Class: ClassName=HatBoard Member=Component S2 EVQPNF05M
